<?xml version="1.0" encoding="UTF-8"?>
<testng-results ignored="0" total="1" passed="1" failed="0" skipped="0">
  <reporter-output>
  </reporter-output>
  <suite started-at="2026-02-23T07:47:55 IST" name="Default suite" finished-at="2026-02-23T07:47:58 IST" duration-ms="3112">
    <groups>
    </groups>
    <test started-at="2026-02-23T07:47:55 IST" name="Default test" finished-at="2026-02-23T07:47:58 IST" duration-ms="3112">
      <class name="basics.LearnSerialization">
        <test-method signature="seralizationTest()[pri:0, instance:basics.LearnSerialization@1de76cc7]" started-at="2026-02-23T07:47:55 IST" name="seralizationTest" finished-at="2026-02-23T07:47:58 IST" duration-ms="3052" status="PASS">
          <reporter-output>
          </reporter-output>
        </test-method> <!-- seralizationTest -->
      </class> <!-- basics.LearnSerialization -->
    </test> <!-- Default test -->
  </suite> <!-- Default suite -->
</testng-results>
